C:\USERS\BRIGHT\DESKTOP\CW2\02. X MODEL CONTAINER\DEBUG\SIMPLE WIN32 PROJECT.EXE
C:\USERS\BRIGHT\DESKTOP\CW2\02. X MODEL CONTAINER\DEBUG\SIMPLE WIN32 PROJECT.ILK
C:\USERS\BRIGHT\DESKTOP\CW2\02. X MODEL CONTAINER\DEBUG\SIMPLE WIN32 PROJECT.PDB
C:\USERS\BRIGHT\DESKTOP\CW2\02. X MODEL CONTAINER\SIMPLE WIN32 PROJECT\DEBUG\BINARYREADER.OBJ
C:\Users\Bright\Desktop\CW2\02. X model container\Simple Win32 Project\Debug\cl.command.1.tlog
C:\Users\Bright\Desktop\CW2\02. X model container\Simple Win32 Project\Debug\CL.read.1.tlog
C:\Users\Bright\Desktop\CW2\02. X model container\Simple Win32 Project\Debug\CL.write.1.tlog
C:\USERS\BRIGHT\DESKTOP\CW2\02. X MODEL CONTAINER\SIMPLE WIN32 PROJECT\DEBUG\DIRECTXSHELL.OBJ
C:\Users\Bright\Desktop\CW2\02. X model container\Simple Win32 Project\Debug\link.command.1.tlog
C:\Users\Bright\Desktop\CW2\02. X model container\Simple Win32 Project\Debug\link.read.1.tlog
C:\Users\Bright\Desktop\CW2\02. X model container\Simple Win32 Project\Debug\link.write.1.tlog
C:\Users\Bright\Desktop\CW2\02. X model container\Simple Win32 Project\Debug\link-cvtres.read.1.tlog
C:\Users\Bright\Desktop\CW2\02. X model container\Simple Win32 Project\Debug\link-cvtres.write.1.tlog
C:\Users\Bright\Desktop\CW2\02. X model container\Simple Win32 Project\Debug\mt.command.1.tlog
C:\Users\Bright\Desktop\CW2\02. X model container\Simple Win32 Project\Debug\mt.read.1.tlog
C:\Users\Bright\Desktop\CW2\02. X model container\Simple Win32 Project\Debug\mt.write.1.tlog
C:\Users\Bright\Desktop\CW2\02. X model container\Simple Win32 Project\Debug\rc.command.1.tlog
C:\Users\Bright\Desktop\CW2\02. X model container\Simple Win32 Project\Debug\rc.read.1.tlog
C:\Users\Bright\Desktop\CW2\02. X model container\Simple Win32 Project\Debug\rc.write.1.tlog
C:\USERS\BRIGHT\DESKTOP\CW2\02. X MODEL CONTAINER\SIMPLE WIN32 PROJECT\DEBUG\SIMPLE WIN32 PROJECT.EXE.EMBED.MANIFEST
C:\USERS\BRIGHT\DESKTOP\CW2\02. X MODEL CONTAINER\SIMPLE WIN32 PROJECT\DEBUG\SIMPLE WIN32 PROJECT.EXE.EMBED.MANIFEST.RES
C:\USERS\BRIGHT\DESKTOP\CW2\02. X MODEL CONTAINER\SIMPLE WIN32 PROJECT\DEBUG\SIMPLE WIN32 PROJECT.EXE.INTERMEDIATE.MANIFEST
C:\USERS\BRIGHT\DESKTOP\CW2\02. X MODEL CONTAINER\SIMPLE WIN32 PROJECT\DEBUG\SIMPLE WIN32 PROJECT.OBJ
C:\USERS\BRIGHT\DESKTOP\CW2\02. X MODEL CONTAINER\SIMPLE WIN32 PROJECT\DEBUG\SIMPLE WIN32 PROJECT.PCH
C:\USERS\BRIGHT\DESKTOP\CW2\02. X MODEL CONTAINER\SIMPLE WIN32 PROJECT\DEBUG\SIMPLE WIN32 PROJECT.RES
C:\Users\Bright\Desktop\CW2\02. X model container\Simple Win32 Project\Debug\Simple Win32 Project_manifest.rc
C:\USERS\BRIGHT\DESKTOP\CW2\02. X MODEL CONTAINER\SIMPLE WIN32 PROJECT\DEBUG\STDAFX.OBJ
C:\USERS\BRIGHT\DESKTOP\CW2\02. X MODEL CONTAINER\SIMPLE WIN32 PROJECT\DEBUG\TIMER.OBJ
C:\Users\Bright\Desktop\CW2\02. X model container\Simple Win32 Project\Debug\vc100.idb
C:\USERS\BRIGHT\DESKTOP\CW2\02. X MODEL CONTAINER\SIMPLE WIN32 PROJECT\DEBUG\VC100.PDB
