Build started 19/03/2013 16:25:43.
     1>Project "C:\Users\Bright\Desktop\CW2\3D Village\Simple Win32 Project\Simple Win32 Project.vcxproj" on node 2 (build target(s)).
     1>InitializeBuildStatus:
         Creating "Debug\Simple Win32 Project.unsuccessfulbuild" because "AlwaysCreate" was specified.
       ClCompile:
         All outputs are up-to-date.
         C:\Program Files (x86)\Microsoft Visual Studio 10.0\VC\bin\CL.exe /c /ZI /nologo /W3 /WX- /Od /Oy- /D _CRT_SECURE_NO_WARNINGS /D WIN32 /D _DEBUG /D _WINDOWS /D _MBCS /Gm /EHsc /RTC1 /MDd /GS /fp:precise /Zc:wchar_t /Zc:forScope /Yu"StdAfx.h" /Fp"Debug\Simple Win32 Project.pch" /Fo"Debug\\" /Fd"Debug\vc100.pdb" /Gd /TP /analyze- /errorReport:prompt BinaryReader.cpp DirectXShell.cpp "Simple Win32 Project.cpp" Timer.cpp
         Skipping... (no relevant changes detected)
         Timer.cpp
         Simple Win32 Project.cpp
         DirectXShell.cpp
         BinaryReader.cpp
       ResourceCompile:
         All outputs are up-to-date.
       ManifestResourceCompile:
         All outputs are up-to-date.
       Link:
         C:\Program Files (x86)\Microsoft Visual Studio 10.0\VC\bin\link.exe /ERRORREPORT:PROMPT /OUT:"C:\Users\Bright\Desktop\CW2\3D Village\Debug\Simple Win32 Project.exe" /INCREMENTAL /NOLOGO d3dxof.lib dxguid.lib d3dx9.lib d3d9.lib winmm.lib kernel32.lib user32.lib gdi32.lib winspool.lib comdlg32.lib advapi32.lib shell32.lib ole32.lib oleaut32.lib uuid.lib odbc32.lib odbccp32.lib kernel32.lib user32.lib gdi32.lib winspool.lib comdlg32.lib advapi32.lib shell32.lib ole32.lib oleaut32.lib uuid.lib odbc32.lib odbccp32.lib /MANIFEST /ManifestFile:"Debug\Simple Win32 Project.exe.intermediate.manifest" /MANIFESTUAC:"level='asInvoker' uiAccess='false'" /DEBUG /PDB:"C:\Users\Bright\Desktop\CW2\3D Village\Debug\Simple Win32 Project.pdb" /SUBSYSTEM:WINDOWS /TLBID:1 /DYNAMICBASE /NXCOMPAT /IMPLIB:"C:\Users\Bright\Desktop\CW2\3D Village\Debug\Simple Win32 Project.lib" /MACHINE:X86 "Debug\Simple Win32 Project.res"
         "Debug\Simple Win32 Project.exe.embed.manifest.res"
         Debug\BinaryReader.obj
         Debug\DirectXShell.obj
         "Debug\Simple Win32 Project.obj"
         Debug\stdafx.obj
         Debug\Timer.obj
       Manifest:
         C:\Program Files (x86)\Microsoft SDKs\Windows\v7.0A\bin\mt.exe /nologo /verbose /out:"Debug\Simple Win32 Project.exe.embed.manifest" /manifest "Debug\Simple Win32 Project.exe.intermediate.manifest"
         All outputs are up-to-date.
       LinkEmbedManifest:
         All outputs are up-to-date.
         Simple Win32 Project.vcxproj -> C:\Users\Bright\Desktop\CW2\3D Village\Debug\Simple Win32 Project.exe
       FinalizeBuildStatus:
         Deleting file "Debug\Simple Win32 Project.unsuccessfulbuild".
         Touching "Debug\Simple Win32 Project.lastbuildstate".
     1>Done Building Project "C:\Users\Bright\Desktop\CW2\3D Village\Simple Win32 Project\Simple Win32 Project.vcxproj" (build target(s)).

Build succeeded.

Time Elapsed 00:00:01.42
